[10/9/2021 21:6:8] /i mana potion
[10/9/2021 21:6:9] /i mana potion
[10/9/2021 21:6:10] /i mana potion
[10/9/2021 21:6:10] /i mana potion
[10/9/2021 21:6:10] /i mana potion
[10/9/2021 21:6:12] /i mana potion
[10/9/2021 21:6:13] /i mana potion
[10/9/2021 21:6:13] /i mana potion
[10/9/2021 21:6:14] /i mana potion
[10/9/2021 21:6:14] /i mana potion
[10/9/2021 21:6:15] /i mana potion
[10/9/2021 21:6:15] /i mana potion
[10/9/2021 21:6:15] /i mana potion
[10/9/2021 21:6:16] /i mana potion
[10/9/2021 21:6:16] /i mana potion
[10/9/2021 21:6:16] /i mana potion
[10/9/2021 21:6:16] /i mana potion
[10/9/2021 21:6:18] /i mana potion
[10/9/2021 21:6:19] /i mana potion
[10/9/2021 21:6:22] /i 2160
[10/9/2021 21:6:27] /i 2160
[10/9/2021 21:6:38] /i 2160
[10/9/2021 21:6:39] /i 2160
[10/9/2021 21:6:40] /i 2160
[10/9/2021 21:6:45] /save
[10/9/2021 21:8:27] /i 2160
[10/9/2021 21:8:39] /i mana potion
[10/9/2021 21:10:8] /i back pack
[10/9/2021 21:10:12] /i backpack
[10/9/2021 21:10:26] /i 2160
[10/9/2021 21:10:27] /i 2160
[10/9/2021 21:10:27] /i 2160
[10/9/2021 21:10:28] /i 2160
[10/9/2021 21:10:32] /i 2160
[10/9/2021 21:10:32] /i 2160
[10/9/2021 21:10:33] /i 2160
[10/9/2021 21:10:33] /i 2160
[10/9/2021 21:10:33] /i 2160
[10/9/2021 21:10:33] /i 2160
[10/9/2021 21:10:34] /i 2160
[10/9/2021 21:10:34] /i 2160
[10/9/2021 21:10:34] /i 2160
[10/9/2021 21:10:35] /i 2160
[10/9/2021 21:10:35] /i 2160
[10/9/2021 21:10:35] /i 2160
[10/9/2021 21:10:35] /i 2160
[10/9/2021 21:10:36] /i 2160
[10/9/2021 21:10:36] /i 2160
[10/9/2021 21:10:37] /i 2160
[10/9/2021 21:10:38] /i 2160
[10/9/2021 21:37:13] /i 2160
[10/9/2021 21:37:43] /i mana potion
[10/9/2021 21:45:42] /i 2160
[11/9/2021 6:28:11] /i 2160
[11/9/2021 6:33:45] /i 2160
