[24/7/2021 6:39:36] /i mana potion
[24/7/2021 6:39:38] /i mana potion
[24/7/2021 6:40:32] /i worm
[24/7/2021 6:40:34] /i worm
[24/7/2021 6:40:37] /i worm
[24/7/2021 6:40:39] /i worm
[24/7/2021 6:41:33] /i worm
[24/7/2021 6:41:40] /i worm
[24/7/2021 7:9:53] /i worm
[24/7/2021 7:9:54] /i worm
[24/7/2021 7:10:0] /i worm
[24/7/2021 7:15:25] /i mana potion
[24/7/2021 7:15:54] /i worm
[24/7/2021 7:16:6] /i 2160
[24/7/2021 7:16:22] /r
[24/7/2021 7:16:25] /i backpack
[24/7/2021 7:16:27] /i 2160
[24/7/2021 7:16:28] /i 2160
[24/7/2021 7:16:28] /i 2160
[24/7/2021 7:16:30] /i 2160
[24/7/2021 7:16:31] /i 2160
[24/7/2021 7:16:31] /i 2160
[24/7/2021 7:16:31] /i 2160
[24/7/2021 7:16:32] /i 2160
[24/7/2021 7:16:32] /i 2160
[24/7/2021 7:16:34] /i 2160
[24/7/2021 7:16:36] /i worm
[24/7/2021 7:16:38] /i worm
[24/7/2021 7:16:38] /i worm
[24/7/2021 7:16:39] /i worm
[24/7/2021 7:16:39] /i worm
[24/7/2021 7:16:42] /i mana potion
[24/7/2021 7:16:42] /i mana potion
[24/7/2021 7:16:43] /i mana potion
[24/7/2021 7:16:43] /i mana potion
[24/7/2021 7:16:45] /i mana potion
[24/7/2021 7:17:2] /save
[24/7/2021 7:17:6] /i worm
[24/7/2021 7:22:18] /i worm
[24/7/2021 7:22:24] /i mana potion
[24/7/2021 7:22:29] /i 2160
[24/7/2021 7:26:39] /i mana potion
[24/7/2021 7:26:45] /i 2160
[24/7/2021 7:26:49] /i worm
[24/7/2021 7:30:43] /i mana potion
[24/7/2021 7:30:47] /i 2160
[24/7/2021 7:30:49] /i worm
[24/7/2021 7:40:42] /i worm
[24/7/2021 7:41:5] /i mana potion
[24/7/2021 7:52:9] /i worm
[24/7/2021 7:52:29] /i worm
[11/9/2021 6:41:53] /i 2160
[11/9/2021 6:41:54] /i 2160
[11/9/2021 6:41:54] /i 2160
[11/9/2021 6:41:55] /i 2160
[11/9/2021 6:41:57] /i 2160
[11/9/2021 6:41:57] /i 2160
[11/9/2021 6:41:58] /i 2160
[11/9/2021 6:41:58] /i 2160
[11/9/2021 6:41:58] /i 2160
[11/9/2021 6:41:58] /i 2160
[11/9/2021 6:41:59] /i 2160
[11/9/2021 6:41:59] /i 2160
[11/9/2021 6:41:59] /i 2160
[11/9/2021 6:41:59] /i 2160
[11/9/2021 6:42:0] /i 2160
[11/9/2021 6:42:0] /i 2160
[11/9/2021 6:42:22] /save
[15/10/2021 19:4:25] /i mana potion
[15/10/2021 19:5:13] /i backpack
[15/10/2021 19:6:10] /i bonelord shield
[23/10/2021 7:49:13] /i 2160
[23/10/2021 7:50:45] /i bag
[23/10/2021 7:50:55] /i 2160, 50
[23/10/2021 7:51:0] /i 2160, 50
[23/10/2021 7:51:9] /i 2160, 50
[23/10/2021 7:51:10] /i 2160, 50
[23/10/2021 7:51:10] /i 2160, 50
[23/10/2021 7:51:11] /i 2160, 50
[23/10/2021 7:51:12] /i 2160, 50
[23/10/2021 7:51:17] /i 2160, 50
[23/10/2021 7:59:51] /save
